Experiment #  1 --  robots:   5,  clever: False 	 trial    0
DONE (40.17)   collisions:   0, broken:   0, delivered:   1
Experiment #  2 --  robots:   5,  clever:  True 	 trial    0
DONE (56.03)   collisions:   0, broken:   0, delivered:   2
Experiment #  3 --  robots:  10,  clever:  True 	 trial    0
DONE (122.2)   collisions:   0, broken:   0, delivered:   6
Experiment #  4 --  robots:  10,  clever: False 	 trial    0
DONE (73.5)   collisions:   0, broken:   0, delivered:   2
Experiment #  5 --  robots:  15,  clever:  True 	 trial    0
DONE (213.6)   collisions:   2, broken:   0, delivered:  10
Experiment #  6 --  robots:  15,  clever: False 	 trial    0
DONE (92.01)   collisions:   0, broken:   0, delivered:   2
Experiment #  7 --  robots:  20,  clever:  True 	 trial    0
DONE (335.1)   collisions:   0, broken:   0, delivered:  12
Experiment #  8 --  robots:  20,  clever: False 	 trial    0
DONE (138.5)   collisions:   0, broken:   0, delivered:   1
Experiment #  9 --  robots:  25,  clever:  True 	 trial    0
DONE (449.2)   collisions:   6, broken:   4, delivered:  17
Experiment # 10 --  robots:  25,  clever: False 	 trial    0
DONE (158.9)   collisions:   0, broken:   0, delivered:   2
Experiment # 11 --  robots:  30,  clever:  True 	 trial    0
DONE (610.5)   collisions:  15, broken:   5, delivered:  22
Experiment # 12 --  robots:  30,  clever: False 	 trial    0
DONE (181.5)   collisions:   0, broken:   0, delivered:   1
Experiment # 13 --  robots:  35,  clever:  True 	 trial    0
DONE (849.0)   collisions:  12, broken:   2, delivered:  24
Experiment # 14 --  robots:  35,  clever: False 	 trial    0
DONE (211.6)   collisions:   0, broken:   0, delivered:   1
Experiment # 15 --  robots:  40,  clever:  True 	 trial    0
DONE (1.006e+03)   collisions:  46, broken:  14, delivered:  29
Experiment # 16 --  robots:  40,  clever: False 	 trial    0
DONE (214.3)   collisions:   1, broken:   0, delivered:   1
Experiment # 17 --  robots:  45,  clever:  True 	 trial    0
DONE (1.275e+03)   collisions:  26, broken:  10, delivered:  32
Experiment # 18 --  robots:  45,  clever: False 	 trial    0
DONE (197.6)   collisions:   0, broken:   0, delivered:   1
Experiment # 19 --  robots:  50,  clever:  True 	 trial    0
DONE (1.522e+03)   collisions:  57, broken:  17, delivered:  39
Experiment # 20 --  robots:  50,  clever: False 	 trial    0
DONE (287.4)   collisions:   0, broken:   0, delivered:   2
Experiment # 21 --  robots:  55,  clever:  True 	 trial    0
DONE (1.928e+03)   collisions:  36, broken:   4, delivered:  48
Experiment # 22 --  robots:  55,  clever: False 	 trial    0
DONE (324.6)   collisions:   0, broken:   0, delivered:   1
Experiment # 23 --  robots:  60,  clever:  True 	 trial    0
DONE (2.217e+03)   collisions:  31, broken:  12, delivered:  35
Experiment # 24 --  robots:  60,  clever: False 	 trial    0
DONE (306.1)   collisions:   0, broken:   0, delivered:   1
Experiment # 25 --  robots:  65,  clever:  True 	 trial    0
DONE (2.424e+03)   collisions:  56, broken:  23, delivered:  39
Experiment # 26 --  robots:  65,  clever: False 	 trial    0
DONE (348.8)   collisions:   1, broken:   2, delivered:   0
Experiment # 27 --  robots:  70,  clever:  True 	 trial    0
DONE (2.916e+03)   collisions:  56, broken:  15, delivered:  39
Experiment # 28 --  robots:  70,  clever: False 	 trial    0
DONE (414.7)   collisions:   2, broken:   2, delivered:   0
Experiment # 29 --  robots:  75,  clever:  True 	 trial    0
DONE (3.41e+03)   collisions:  33, broken:   9, delivered:  44
Experiment # 30 --  robots:  75,  clever: False 	 trial    0
DONE (449.9)   collisions:   1, broken:   0, delivered:   2
Experiment # 31 --  robots:  80,  clever:  True 	 trial    0
DONE (3.719e+03)   collisions:  38, broken:  13, delivered:  45
Experiment # 32 --  robots:  80,  clever: False 	 trial    0
DONE (470.7)   collisions:   0, broken:   0, delivered:   0
Experiment # 33 --  robots:  85,  clever:  True 	 trial    0
DONE (4.33e+03)   collisions:  28, broken:   7, delivered:  41
Experiment # 34 --  robots:  85,  clever: False 	 trial    0
DONE (498.7)   collisions:   0, broken:   0, delivered:   1
Experiment # 35 --  robots:  90,  clever:  True 	 trial    0
DONE (4.218e+03)   collisions:  42, broken:  13, delivered:  56
Experiment # 36 --  robots:  90,  clever: False 	 trial    0
DONE (448.8)   collisions:   0, broken:   0, delivered:   2
Experiment # 37 --  robots:  95,  clever:  True 	 trial    0
DONE (4.771e+03)   collisions:  58, broken:  16, delivered:  40
Experiment # 38 --  robots:  95,  clever: False 	 trial    0
DONE (567.3)   collisions:   0, broken:   0, delivered:   0
Experiment # 39 --  robots: 100,  clever:  True 	 trial    0
DONE (5.237e+03)   collisions:  36, broken:  17, delivered:  39
Experiment # 40 --  robots: 100,  clever: False 	 trial    0
DONE (529.4)   collisions:   0, broken:   0, delivered:   2
